<?xml version="1.0" encoding="utf-8" standalone="no"?>
<!--This file represents the results of running a test suite-->
<test-results name="C:\Documents and Settings\User\My Documents\Visual Studio 2008\Projects\WDDX\WDDX Tests\bin\Debug\WDDX Tests.dll" total="18" errors="1" failures="4" not-run="0" inconclusive="0" ignored="0" skipped="0" invalid="0" date="2011-08-03" time="11:10:16">
  <environment nunit-version="2.5.10.11092" clr-version="2.0.50727.3623" os-version="Microsoft Windows NT 5.1.2600 Service Pack 3" platform="Win32NT" cwd="C:\Documents and Settings\User\My Documents\Visual Studio 2008\Projects\WDDX\WDDX Tests\bin\Debug" machine-name="FINANCIALEDGE" user="User" user-domain="FINANCIALEDGE" />
  <culture-info current-culture="en-US" current-uiculture="en-US" />
  <test-suite type="Assembly" name="C:\Documents and Settings\User\My Documents\Visual Studio 2008\Projects\WDDX\WDDX Tests\bin\Debug\WDDX Tests.dll" executed="True" result="Failure" success="False" time="0.270" asserts="0">
    <results>
      <test-suite type="Namespace" name="Mueller" executed="True" result="Failure" success="False" time="0.270" asserts="0">
        <results>
          <test-suite type="Namespace" name="Wddx" executed="True" result="Failure" success="False" time="0.260" asserts="0">
            <results>
              <test-suite type="Namespace" name="Tests" executed="True" result="Failure" success="False" time="0.260" asserts="0">
                <results>
                  <test-suite type="TestFixture" name="WddxTest" executed="True" result="Failure" success="False" time="0.260" asserts="0">
                    <results>
                      <test-case name="Mueller.Wddx.Tests.WddxTest.TestBasicArrayDeserialization" executed="True" result="Success" success="True" time="0.000" asserts="0" />
                      <test-case name="Mueller.Wddx.Tests.WddxTest.TestBasicArraySerialization" executed="True" result="Success" success="True" time="0.000" asserts="0" />
                      <test-case name="Mueller.Wddx.Tests.WddxTest.TestBasicStructDeserialization" executed="True" result="Failure" success="False" time="0.000" asserts="0">
                        <failure>
                          <message><![CDATA[
expected:<6/12/1998 4:32:12 AM>
 but was:<6/12/1998 8:32:12 AM>]]></message>
                          <stack-trace><![CDATA[at Mueller.Wddx.Tests.WddxTest.TestBasicStructDeserialization() in C:\Documents and Settings\User\My Documents\Visual Studio 2008\Projects\WDDX\WDDX Tests\UnitTests.cs:line 304
]]></stack-trace>
                        </failure>
                      </test-case>
                      <test-case name="Mueller.Wddx.Tests.WddxTest.TestBasicStructSerialization" executed="True" result="Failure" success="False" time="0.000" asserts="0">
                        <failure>
                          <message><![CDATA[
String lengths are both 337.
Strings differ at index 62.

expected:<...header /><data><struct><var name="aNumber"><number>-12.456</number></v...>
 but was:<...header /><data><struct><var name="aString"><string>a string</string></...>
------------------------------------------------^
]]></message>
                          <stack-trace><![CDATA[at Mueller.Wddx.Tests.WddxTest.TestBasicStructSerialization() in C:\Documents and Settings\User\My Documents\Visual Studio 2008\Projects\WDDX\WDDX Tests\UnitTests.cs:line 284
]]></stack-trace>
                        </failure>
                      </test-case>
                      <test-case name="Mueller.Wddx.Tests.WddxTest.TestBasicTypeDeserialization" executed="True" result="Failure" success="False" time="0.000" asserts="0">
                        <failure>
                          <message><![CDATA[
expected:<6/17/2001 12:00:30 PM>
 but was:<6/17/2001 4:00:30 PM>]]></message>
                          <stack-trace><![CDATA[at Mueller.Wddx.Tests.WddxTest.TestBasicTypeDeserialization() in C:\Documents and Settings\User\My Documents\Visual Studio 2008\Projects\WDDX\WDDX Tests\UnitTests.cs:line 127
]]></stack-trace>
                        </failure>
                      </test-case>
                      <test-case name="Mueller.Wddx.Tests.WddxTest.TestBasicTypeSerialization" executed="True" result="Success" success="True" time="0.000" asserts="0" />
                      <test-case name="Mueller.Wddx.Tests.WddxTest.TestBinaryDeserialization" executed="True" result="Success" success="True" time="0.000" asserts="0" />
                      <test-case name="Mueller.Wddx.Tests.WddxTest.TestBinarySerialization" executed="True" result="Success" success="True" time="0.000" asserts="0" />
                      <test-case name="Mueller.Wddx.Tests.WddxTest.TestComplexArrayDeserialization" executed="True" result="Success" success="True" time="0.000" asserts="0" />
                      <test-case name="Mueller.Wddx.Tests.WddxTest.TestComplexArraySerialization" executed="True" result="Success" success="True" time="0.000" asserts="0" />
                      <test-case name="Mueller.Wddx.Tests.WddxTest.TestComplexStructDeserialization" executed="True" result="Success" success="True" time="0.000" asserts="0" />
                      <test-case name="Mueller.Wddx.Tests.WddxTest.TestComplexStructSerialization" executed="True" result="Failure" success="False" time="0.000" asserts="0">
                        <failure>
                          <message><![CDATA[
String lengths are both 801.
Strings differ at index 62.

expected:<...header /><data><struct><var name="aNull"><null /></var><var name="anAr...>
 but was:<...header /><data><struct><var name="aBoolean"><boolean value="true" /></...>
------------------------------------------------^
]]></message>
                          <stack-trace><![CDATA[at Mueller.Wddx.Tests.WddxTest.TestComplexStructSerialization() in C:\Documents and Settings\User\My Documents\Visual Studio 2008\Projects\WDDX\WDDX Tests\UnitTests.cs:line 449
]]></stack-trace>
                        </failure>
                      </test-case>
                      <test-case name="Mueller.Wddx.Tests.WddxTest.TestDataSetDeserialization" executed="True" result="Success" success="True" time="0.000" asserts="0" />
                      <test-case name="Mueller.Wddx.Tests.WddxTest.TestDataSetSerialization" executed="True" result="Success" success="True" time="0.000" asserts="0" />
                      <test-case name="Mueller.Wddx.Tests.WddxTest.TestGenericSerialization" executed="True" result="Success" success="True" time="0.000" asserts="0" />
                      <test-case name="Mueller.Wddx.Tests.WddxTest.TestIsValid" executed="True" result="Error" success="False" time="0.000" asserts="0">
                        <failure>
                          <message><![CDATA[System.NullReferenceException : Object reference not set to an instance of an object.]]></message>
                          <stack-trace><![CDATA[at System.Xml.Schema.XsdValidator.ProcessXsiAttributes(XmlQualifiedName& xsiType, String& xsiNil)
at System.Xml.Schema.XsdValidator.ProcessElement(Object particle)
at System.Xml.Schema.XsdValidator.ValidateElement()
at System.Xml.Schema.XsdValidator.Validate()
at System.Xml.XmlValidatingReaderImpl.ProcessCoreReaderEvent()
at System.Xml.XmlValidatingReaderImpl.Read()
at System.Xml.XmlValidatingReader.Read()
at Mueller.Wddx.WddxValidator.IsValid(XmlTextReader input)
at Mueller.Wddx.WddxDeserializer.IsValid(String WddxPacket)
at Mueller.Wddx.Tests.WddxTest.TestIsValid() in C:\Documents and Settings\User\My Documents\Visual Studio 2008\Projects\WDDX\WDDX Tests\UnitTests.cs:line 496
]]></stack-trace>
                        </failure>
                      </test-case>
                      <test-case name="Mueller.Wddx.Tests.WddxTest.TestStringDeserializationBug" executed="True" result="Success" success="True" time="0.000" asserts="0" />
                      <test-case name="Mueller.Wddx.Tests.WddxTest.TestValidDeserialization" executed="True" result="Success" success="True" time="0.000" asserts="0" />
                    </results>
                  </test-suite>
                </results>
              </test-suite>
            </results>
          </test-suite>
        </results>
      </test-suite>
    </results>
  </test-suite>
</test-results>